This is pdfTeX, Version 3.141592653-2.6-1.40.28 (TeX Live 2025) (preloaded format=pdflatex 2025.6.29)  29 JUN 2025 01:36
entering extended mode
 restricted \write18 enabled.
 %&-line parsing enabled.
**scriptAnalise.tex
(./scriptAnalise.tex
LaTeX2e <2025-06-01> patch level 1
L3 programming layer <2025-06-09>
(/home/luis/.TinyTeX/texmf-dist/tex/latex/base/article.cls
Document Class: article 2025/01/22 v1.4n Standard LaTeX document class
(/home/luis/.TinyTeX/texmf-dist/tex/latex/base/size10.clo
File: size10.clo 2025/01/22 v1.4n Standard LaTeX file (size option)
)
\c@part=\count275
\c@section=\count276
\c@subsection=\count277
\c@subsubsection=\count278
\c@paragraph=\count279
\c@subparagraph=\count280
\c@figure=\count281
\c@table=\count282
\abovecaptionskip=\skip49
\belowcaptionskip=\skip50
\bibindent=\dimen148
) (/home/luis/.TinyTeX/texmf-dist/tex/latex/amsmath/amsmath.sty
Package: amsmath 2025/06/16 v2.17y AMS math features
\@mathmargin=\skip51
For additional information on amsmath, use the `?' option.
(/home/luis/.TinyTeX/texmf-dist/tex/latex/amsmath/amstext.sty
Package: amstext 2024/11/17 v2.01 AMS text
(/home/luis/.TinyTeX/texmf-dist/tex/latex/amsmath/amsgen.sty
File: amsgen.sty 1999/11/30 v2.0 generic functions
\@emptytoks=\toks17
\ex@=\dimen149
)) (/home/luis/.TinyTeX/texmf-dist/tex/latex/amsmath/amsbsy.sty
Package: amsbsy 1999/11/29 v1.2d Bold Symbols
\pmbraise@=\dimen150
) (/home/luis/.TinyTeX/texmf-dist/tex/latex/amsmath/amsopn.sty
Package: amsopn 2022/04/08 v2.04 operator names
)
\inf@bad=\count283
LaTeX Info: Redefining \frac on input line 233.
\uproot@=\count284
\leftroot@=\count285
LaTeX Info: Redefining \overline on input line 398.
LaTeX Info: Redefining \colon on input line 409.
\classnum@=\count286
\DOTSCASE@=\count287
LaTeX Info: Redefining \ldots on input line 495.
LaTeX Info: Redefining \dots on input line 498.
LaTeX Info: Redefining \cdots on input line 619.
\Mathstrutbox@=\box53
\strutbox@=\box54
LaTeX Info: Redefining \big on input line 721.
LaTeX Info: Redefining \Big on input line 722.
LaTeX Info: Redefining \bigg on input line 723.
LaTeX Info: Redefining \Bigg on input line 724.
\big@size=\dimen151
LaTeX Font Info:    Redeclaring font encoding OML on input line 742.
LaTeX Font Info:    Redeclaring font encoding OMS on input line 743.
\macc@depth=\count288
LaTeX Info: Redefining \bmod on input line 904.
LaTeX Info: Redefining \pmod on input line 909.
LaTeX Info: Redefining \smash on input line 939.
LaTeX Info: Redefining \relbar on input line 969.
LaTeX Info: Redefining \Relbar on input line 970.
\c@MaxMatrixCols=\count289
\dotsspace@=\muskip17
\c@parentequation=\count290
\dspbrk@lvl=\count291
\tag@help=\toks18
\row@=\count292
\column@=\count293
\maxfields@=\count294
\andhelp@=\toks19
\eqnshift@=\dimen152
\alignsep@=\dimen153
\tagshift@=\dimen154
\tagwidth@=\dimen155
\totwidth@=\dimen156
\lineht@=\dimen157
\@envbody=\toks20
\multlinegap=\skip52
\multlinetaggap=\skip53
\mathdisplay@stack=\toks21
LaTeX Info: Redefining \[ on input line 2949.
LaTeX Info: Redefining \] on input line 2950.
) (/home/luis/.TinyTeX/texmf-dist/tex/latex/amsfonts/amssymb.sty
Package: amssymb 2013/01/14 v3.01 AMS font symbols
(/home/luis/.TinyTeX/texmf-dist/tex/latex/amsfonts/amsfonts.sty
Package: amsfonts 2013/01/14 v3.01 Basic AMSFonts support
\symAMSa=\mathgroup4
\symAMSb=\mathgroup5
LaTeX Font Info:    Redeclaring math symbol \hbar on input line 98.
LaTeX Font Info:    Overwriting math alphabet `\mathfrak' in version `bold'
(Font)                  U/euf/m/n --> U/euf/b/n on input line 106.
)) (/home/luis/.TinyTeX/texmf-dist/tex/generic/iftex/iftex.sty
Package: iftex 2024/12/12 v1.0g TeX engine tests
) (/home/luis/.TinyTeX/texmf-dist/tex/latex/base/fontenc.sty
Package: fontenc 2024/12/21 v2.1c Standard LaTeX package
) (/home/luis/.TinyTeX/texmf-dist/tex/latex/base/inputenc.sty
Package: inputenc 2024/02/08 v1.3d Input encoding file
\inpenc@prehook=\toks22
\inpenc@posthook=\toks23
) (/home/luis/.TinyTeX/texmf-dist/tex/latex/base/textcomp.sty
Package: textcomp 2024/04/24 v2.1b Standard LaTeX package
) (/home/luis/.TinyTeX/texmf-dist/tex/latex/lm/lmodern.sty
Package: lmodern 2015/05/01 v1.6.1 Latin Modern Fonts
LaTeX Font Info:    Overwriting symbol font `operators' in version `normal'
(Font)                  OT1/cmr/m/n --> OT1/lmr/m/n on input line 22.
LaTeX Font Info:    Overwriting symbol font `letters' in version `normal'
(Font)                  OML/cmm/m/it --> OML/lmm/m/it on input line 23.
LaTeX Font Info:    Overwriting symbol font `symbols' in version `normal'
(Font)                  OMS/cmsy/m/n --> OMS/lmsy/m/n on input line 24.
LaTeX Font Info:    Overwriting symbol font `largesymbols' in version `normal'
(Font)                  OMX/cmex/m/n --> OMX/lmex/m/n on input line 25.
LaTeX Font Info:    Overwriting symbol font `operators' in version `bold'
(Font)                  OT1/cmr/bx/n --> OT1/lmr/bx/n on input line 26.
LaTeX Font Info:    Overwriting symbol font `letters' in version `bold'
(Font)                  OML/cmm/b/it --> OML/lmm/b/it on input line 27.
LaTeX Font Info:    Overwriting symbol font `symbols' in version `bold'
(Font)                  OMS/cmsy/b/n --> OMS/lmsy/b/n on input line 28.
LaTeX Font Info:    Overwriting symbol font `largesymbols' in version `bold'
(Font)                  OMX/cmex/m/n --> OMX/lmex/m/n on input line 29.
LaTeX Font Info:    Overwriting math alphabet `\mathbf' in version `normal'
(Font)                  OT1/cmr/bx/n --> OT1/lmr/bx/n on input line 31.
LaTeX Font Info:    Overwriting math alphabet `\mathsf' in version `normal'
(Font)                  OT1/cmss/m/n --> OT1/lmss/m/n on input line 32.
LaTeX Font Info:    Overwriting math alphabet `\mathit' in version `normal'
(Font)                  OT1/cmr/m/it --> OT1/lmr/m/it on input line 33.
LaTeX Font Info:    Overwriting math alphabet `\mathtt' in version `normal'
(Font)                  OT1/cmtt/m/n --> OT1/lmtt/m/n on input line 34.
LaTeX Font Info:    Overwriting math alphabet `\mathbf' in version `bold'
(Font)                  OT1/cmr/bx/n --> OT1/lmr/bx/n on input line 35.
LaTeX Font Info:    Overwriting math alphabet `\mathsf' in version `bold'
(Font)                  OT1/cmss/bx/n --> OT1/lmss/bx/n on input line 36.
LaTeX Font Info:    Overwriting math alphabet `\mathit' in version `bold'
(Font)                  OT1/cmr/bx/it --> OT1/lmr/bx/it on input line 37.
LaTeX Font Info:    Overwriting math alphabet `\mathtt' in version `bold'
(Font)                  OT1/cmtt/m/n --> OT1/lmtt/m/n on input line 38.
) (/home/luis/.TinyTeX/texmf-dist/tex/latex/xcolor/xcolor.sty
Package: xcolor 2024/09/29 v3.02 LaTeX color extensions (UK)
(/home/luis/.TinyTeX/texmf-dist/tex/latex/graphics-cfg/color.cfg
File: color.cfg 2016/01/02 v1.6 sample color configuration
)
Package xcolor Info: Driver file: pdftex.def on input line 274.
(/home/luis/.TinyTeX/texmf-dist/tex/latex/graphics-def/pdftex.def
File: pdftex.def 2024/04/13 v1.2c Graphics/color driver for pdftex
) (/home/luis/.TinyTeX/texmf-dist/tex/latex/graphics/mathcolor.ltx)
Package xcolor Info: Model `cmy' substituted by `cmy0' on input line 1349.
Package xcolor Info: Model `hsb' substituted by `rgb' on input line 1353.
Package xcolor Info: Model `RGB' extended on input line 1365.
Package xcolor Info: Model `HTML' substituted by `rgb' on input line 1367.
Package xcolor Info: Model `Hsb' substituted by `hsb' on input line 1368.
Package xcolor Info: Model `tHsb' substituted by `hsb' on input line 1369.
Package xcolor Info: Model `HSB' substituted by `hsb' on input line 1370.
Package xcolor Info: Model `Gray' substituted by `gray' on input line 1371.
Package xcolor Info: Model `wave' substituted by `hsb' on input line 1372.
) (/home/luis/.TinyTeX/texmf-dist/tex/latex/geometry/geometry.sty
Package: geometry 2020/01/02 v5.9 Page Geometry
(/home/luis/.TinyTeX/texmf-dist/tex/latex/graphics/keyval.sty
Package: keyval 2022/05/29 v1.15 key=value parser (DPC)
\KV@toks@=\toks24
) (/home/luis/.TinyTeX/texmf-dist/tex/generic/iftex/ifvtex.sty
Package: ifvtex 2019/10/25 v1.7 ifvtex legacy package. Use iftex instead.
)
\Gm@cnth=\count295
\Gm@cntv=\count296
\c@Gm@tempcnt=\count297
\Gm@bindingoffset=\dimen158
\Gm@wd@mp=\dimen159
\Gm@odd@mp=\dimen160
\Gm@even@mp=\dimen161
\Gm@layoutwidth=\dimen162
\Gm@layoutheight=\dimen163
\Gm@layouthoffset=\dimen164
\Gm@layoutvoffset=\dimen165
\Gm@dimlist=\toks25
) (/home/luis/.TinyTeX/texmf-dist/tex/latex/fancyvrb/fancyvrb.sty
Package: fancyvrb 2024/01/20 4.5c verbatim text (tvz,hv)
\FV@CodeLineNo=\count298
\FV@InFile=\read2
\FV@TabBox=\box55
\c@FancyVerbLine=\count299
\FV@StepNumber=\count300
\FV@OutFile=\write3
) (/home/luis/.TinyTeX/texmf-dist/tex/latex/framed/framed.sty
Package: framed 2011/10/22 v 0.96: framed or shaded text with page breaks
\OuterFrameSep=\skip54
\fb@frw=\dimen166
\fb@frh=\dimen167
\FrameRule=\dimen168
\FrameSep=\dimen169
) (/home/luis/.TinyTeX/texmf-dist/tex/latex/tools/longtable.sty
Package: longtable 2024-12-18 v4.23 Multi-page Table package (DPC)
\LTleft=\skip55
\LTright=\skip56
\LTpre=\skip57
\LTpost=\skip58
\LTchunksize=\count301
\LTcapwidth=\dimen170
\LT@head=\box56
\LT@firsthead=\box57
\LT@foot=\box58
\LT@lastfoot=\box59
\LT@gbox=\box60
\LT@cols=\count302
\LT@rows=\count303
\c@LT@tables=\count304
\c@LT@chunks=\count305
\LT@p@ftn=\toks26
) (/home/luis/.TinyTeX/texmf-dist/tex/latex/booktabs/booktabs.sty
Package: booktabs 2020/01/12 v1.61803398 Publication quality tables
\heavyrulewidth=\dimen171
\lightrulewidth=\dimen172
\cmidrulewidth=\dimen173
\belowrulesep=\dimen174
\belowbottomsep=\dimen175
\aboverulesep=\dimen176
\abovetopsep=\dimen177
\cmidrulesep=\dimen178
\cmidrulekern=\dimen179
\defaultaddspace=\dimen180
\@cmidla=\count306
\@cmidlb=\count307
\@aboverulesep=\dimen181
\@belowrulesep=\dimen182
\@thisruleclass=\count308
\@lastruleclass=\count309
\@thisrulewidth=\dimen183
) (/home/luis/.TinyTeX/texmf-dist/tex/latex/tools/array.sty
Package: array 2025/06/08 v2.6j Tabular extension package (FMi)
\col@sep=\dimen184
\ar@mcellbox=\box61
\extrarowheight=\dimen185
\NC@list=\toks27
\extratabsurround=\skip59
\backup@length=\skip60
\ar@cellbox=\box62
) (/home/luis/.TinyTeX/texmf-dist/tex/latex/tools/calc.sty
Package: calc 2025/03/01 v4.3b Infix arithmetic (KKT,FJ)
\calc@Acount=\count310
\calc@Bcount=\count311
\calc@Adimen=\dimen186
\calc@Bdimen=\dimen187
\calc@Askip=\skip61
\calc@Bskip=\skip62
LaTeX Info: Redefining \setlength on input line 86.
LaTeX Info: Redefining \addtolength on input line 87.
\calc@Ccount=\count312
\calc@Cskip=\skip63
) (/home/luis/.TinyTeX/texmf-dist/tex/latex/etoolbox/etoolbox.sty
Package: etoolbox 2025/02/11 v2.5l e-TeX tools for LaTeX (JAW)
\etb@tempcnta=\count313
) (/home/luis/.TinyTeX/texmf-dist/tex/latex/mdwtools/footnote.sty
Package: footnote 1997/01/28 1.13 Save footnotes around boxes
\fn@notes=\box63
\fn@width=\dimen188
) (/home/luis/.TinyTeX/texmf-dist/tex/latex/graphics/graphicx.sty
Package: graphicx 2024/12/31 v1.2e Enhanced LaTeX Graphics (DPC,SPQR)
(/home/luis/.TinyTeX/texmf-dist/tex/latex/graphics/graphics.sty
Package: graphics 2024/08/06 v1.4g Standard LaTeX Graphics (DPC,SPQR)
(/home/luis/.TinyTeX/texmf-dist/tex/latex/graphics/trig.sty
Package: trig 2023/12/02 v1.11 sin cos tan (DPC)
) (/home/luis/.TinyTeX/texmf-dist/tex/latex/graphics-cfg/graphics.cfg
File: graphics.cfg 2016/06/04 v1.11 sample graphics configuration
)
Package graphics Info: Driver file: pdftex.def on input line 106.
)
\Gin@req@height=\dimen189
\Gin@req@width=\dimen190
)
\pandoc@box=\box64
(/home/luis/.TinyTeX/texmf-dist/tex/latex/bookmark/bookmark.sty
Package: bookmark 2023-12-10 v1.31 PDF bookmarks (HO)
(/home/luis/.TinyTeX/texmf-dist/tex/latex/hyperref/hyperref.sty
Package: hyperref 2025-06-21 v7.01n Hypertext links for LaTeX
(/home/luis/.TinyTeX/texmf-dist/tex/latex/kvsetkeys/kvsetkeys.sty
Package: kvsetkeys 2022-10-05 v1.19 Key value parser (HO)
) (/home/luis/.TinyTeX/texmf-dist/tex/generic/kvdefinekeys/kvdefinekeys.sty
Package: kvdefinekeys 2019-12-19 v1.6 Define keys (HO)
) (/home/luis/.TinyTeX/texmf-dist/tex/generic/pdfescape/pdfescape.sty
Package: pdfescape 2019/12/09 v1.15 Implements pdfTeX's escape features (HO)
(/home/luis/.TinyTeX/texmf-dist/tex/generic/ltxcmds/ltxcmds.sty
Package: ltxcmds 2023-12-04 v1.26 LaTeX kernel commands for general use (HO)
) (/home/luis/.TinyTeX/texmf-dist/tex/generic/pdftexcmds/pdftexcmds.sty
Package: pdftexcmds 2020-06-27 v0.33 Utility functions of pdfTeX for LuaTeX (HO)
(/home/luis/.TinyTeX/texmf-dist/tex/generic/infwarerr/infwarerr.sty
Package: infwarerr 2019/12/03 v1.5 Providing info/warning/error messages (HO)
)
Package pdftexcmds Info: \pdf@primitive is available.
Package pdftexcmds Info: \pdf@ifprimitive is available.
Package pdftexcmds Info: \pdfdraftmode found.
)) (/home/luis/.TinyTeX/texmf-dist/tex/latex/hycolor/hycolor.sty
Package: hycolor 2020-01-27 v1.10 Color options for hyperref/bookmark (HO)
) (/home/luis/.TinyTeX/texmf-dist/tex/latex/hyperref/nameref.sty
Package: nameref 2025-06-21 v2.57 Cross-referencing by name of section
(/home/luis/.TinyTeX/texmf-dist/tex/latex/refcount/refcount.sty
Package: refcount 2019/12/15 v3.6 Data extraction from label references (HO)
) (/home/luis/.TinyTeX/texmf-dist/tex/generic/gettitlestring/gettitlestring.sty
Package: gettitlestring 2019/12/15 v1.6 Cleanup title references (HO)
(/home/luis/.TinyTeX/texmf-dist/tex/latex/kvoptions/kvoptions.sty
Package: kvoptions 2022-06-15 v3.15 Key value format for package options (HO)
))
\c@section@level=\count314
) (/home/luis/.TinyTeX/texmf-dist/tex/generic/stringenc/stringenc.sty
Package: stringenc 2019/11/29 v1.12 Convert strings between diff. encodings (HO)
)
\@linkdim=\dimen191
\Hy@linkcounter=\count315
\Hy@pagecounter=\count316
(/home/luis/.TinyTeX/texmf-dist/tex/latex/hyperref/pd1enc.def
File: pd1enc.def 2025-06-21 v7.01n Hyperref: PDFDocEncoding definition (HO)
Now handling font encoding PD1 ...
... no UTF-8 mapping file for font encoding PD1
) (/home/luis/.TinyTeX/texmf-dist/tex/generic/intcalc/intcalc.sty
Package: intcalc 2019/12/15 v1.3 Expandable calculations with integers (HO)
)
\Hy@SavedSpaceFactor=\count317
(/home/luis/.TinyTeX/texmf-dist/tex/latex/hyperref/puenc.def
File: puenc.def 2025-06-21 v7.01n Hyperref: PDF Unicode definition (HO)
Now handling font encoding PU ...
... no UTF-8 mapping file for font encoding PU
)
Package hyperref Info: Option `unicode' set `true' on input line 4052.
Package hyperref Info: Hyper figures OFF on input line 4181.
Package hyperref Info: Link nesting OFF on input line 4186.
Package hyperref Info: Hyper index ON on input line 4189.
Package hyperref Info: Plain pages OFF on input line 4196.
Package hyperref Info: Backreferencing OFF on input line 4201.
Package hyperref Info: Implicit mode ON; LaTeX internals redefined.
Package hyperref Info: Bookmarks ON on input line 4448.
\c@Hy@tempcnt=\count318
(/home/luis/.TinyTeX/texmf-dist/tex/latex/url/url.sty
\Urlmuskip=\muskip18
Package: url 2013/09/16  ver 3.4  Verb mode for urls, etc.
)
LaTeX Info: Redefining \url on input line 4787.
\XeTeXLinkMargin=\dimen192
(/home/luis/.TinyTeX/texmf-dist/tex/generic/bitset/bitset.sty
Package: bitset 2019/12/09 v1.3 Handle bit-vector datatype (HO)
(/home/luis/.TinyTeX/texmf-dist/tex/generic/bigintcalc/bigintcalc.sty
Package: bigintcalc 2019/12/15 v1.5 Expandable calculations on big integers (HO)
))
\Fld@menulength=\count319
\Field@Width=\dimen193
\Fld@charsize=\dimen194
Package hyperref Info: Hyper figures OFF on input line 6066.
Package hyperref Info: Link nesting OFF on input line 6071.
Package hyperref Info: Hyper index ON on input line 6074.
Package hyperref Info: backreferencing OFF on input line 6081.
Package hyperref Info: Link coloring OFF on input line 6086.
Package hyperref Info: Link coloring with OCG OFF on input line 6091.
Package hyperref Info: PDF/A mode OFF on input line 6096.
\Hy@abspage=\count320
\c@Item=\count321
\c@Hfootnote=\count322
)
Package hyperref Info: Driver (autodetected): hpdftex.
(/home/luis/.TinyTeX/texmf-dist/tex/latex/hyperref/hpdftex.def
File: hpdftex.def 2025-06-21 v7.01n Hyperref driver for pdfTeX
\Fld@listcount=\count323
\c@bookmark@seq@number=\count324
(/home/luis/.TinyTeX/texmf-dist/tex/latex/rerunfilecheck/rerunfilecheck.sty
Package: rerunfilecheck 2025-06-21 v1.11 Rerun checks for auxiliary files (HO)
(/home/luis/.TinyTeX/texmf-dist/tex/generic/uniquecounter/uniquecounter.sty
Package: uniquecounter 2019/12/15 v1.4 Provide unlimited unique counter (HO)
)
Package uniquecounter Info: New unique counter `rerunfilecheck' on input line 284.
)
\Hy@SectionHShift=\skip64
) (/home/luis/.TinyTeX/texmf-dist/tex/latex/bookmark/bkm-pdftex.def
File: bkm-pdftex.def 2023-12-10 v1.31 bookmark driver for pdfTeX and luaTeX (HO)
\BKM@id=\count325
))
LaTeX Font Info:    Trying to load font information for T1+lmr on input line 121.
(/home/luis/.TinyTeX/texmf-dist/tex/latex/lm/t1lmr.fd
File: t1lmr.fd 2015/05/01 v1.6.1 Font defs for Latin Modern
) (/home/luis/.TinyTeX/texmf-dist/tex/latex/l3backend/l3backend-pdftex.def
File: l3backend-pdftex.def 2025-06-09 L3 backend support: PDF output (pdfTeX)
\l__color_backend_stack_int=\count326
)
No file scriptAnalise.aux.
\openout1 = `scriptAnalise.aux'.

LaTeX Font Info:    Checking defaults for OML/cmm/m/it on input line 121.
LaTeX Font Info:    ... okay on input line 121.
LaTeX Font Info:    Checking defaults for OMS/cmsy/m/n on input line 121.
LaTeX Font Info:    ... okay on input line 121.
LaTeX Font Info:    Checking defaults for OT1/cmr/m/n on input line 121.
LaTeX Font Info:    ... okay on input line 121.
LaTeX Font Info:    Checking defaults for T1/cmr/m/n on input line 121.
LaTeX Font Info:    ... okay on input line 121.
LaTeX Font Info:    Checking defaults for TS1/cmr/m/n on input line 121.
LaTeX Font Info:    ... okay on input line 121.
LaTeX Font Info:    Checking defaults for OMX/cmex/m/n on input line 121.
LaTeX Font Info:    ... okay on input line 121.
LaTeX Font Info:    Checking defaults for U/cmr/m/n on input line 121.
LaTeX Font Info:    ... okay on input line 121.
LaTeX Font Info:    Checking defaults for PD1/pdf/m/n on input line 121.
LaTeX Font Info:    ... okay on input line 121.
LaTeX Font Info:    Checking defaults for PU/pdf/m/n on input line 121.
LaTeX Font Info:    ... okay on input line 121.
(/home/luis/.TinyTeX/texmf-dist/tex/latex/epstopdf-pkg/epstopdf-base.sty
Package: epstopdf-base 2020-01-24 v2.11 Base part for package epstopdf
Package epstopdf-base Info: Redefining graphics rule for `.eps' on input line 485.
(/home/luis/.TinyTeX/texmf-dist/tex/latex/latexconfig/epstopdf-sys.cfg
File: epstopdf-sys.cfg 2010/07/13 v1.3 Configuration of (r)epstopdf for TeX Live
))
*geometry* driver: auto-detecting
*geometry* detected driver: pdftex
*geometry* verbose mode - [ preamble ] result:
* driver: pdftex
* paper: <default>
* layout: <same size as paper>
* layoutoffset:(h,v)=(0.0pt,0.0pt)
* modes: 
* h-part:(L,W,R)=(72.26999pt, 469.75502pt, 72.26999pt)
* v-part:(T,H,B)=(72.26999pt, 650.43001pt, 72.26999pt)
* \paperwidth=614.295pt
* \paperheight=794.96999pt
* \textwidth=469.75502pt
* \textheight=650.43001pt
* \oddsidemargin=0.0pt
* \evensidemargin=0.0pt
* \topmargin=-37.0pt
* \headheight=12.0pt
* \headsep=25.0pt
* \topskip=10.0pt
* \footskip=30.0pt
* \marginparwidth=65.0pt
* \marginparsep=11.0pt
* \columnsep=10.0pt
* \skip\footins=9.0pt plus 4.0pt minus 2.0pt
* \hoffset=0.0pt
* \voffset=0.0pt
* \mag=1000
* \@twocolumnfalse
* \@twosidefalse
* \@mparswitchfalse
* \@reversemarginfalse
* (1in=72.27pt=25.4mm, 1cm=28.453pt)

Package hyperref Info: Link coloring OFF on input line 121.
LaTeX Font Info:    Trying to load font information for OT1+lmr on input line 123.
(/home/luis/.TinyTeX/texmf-dist/tex/latex/lm/ot1lmr.fd
File: ot1lmr.fd 2015/05/01 v1.6.1 Font defs for Latin Modern
)
LaTeX Font Info:    Trying to load font information for OML+lmm on input line 123.
(/home/luis/.TinyTeX/texmf-dist/tex/latex/lm/omllmm.fd
File: omllmm.fd 2015/05/01 v1.6.1 Font defs for Latin Modern
)
LaTeX Font Info:    Trying to load font information for OMS+lmsy on input line 123.
(/home/luis/.TinyTeX/texmf-dist/tex/latex/lm/omslmsy.fd
File: omslmsy.fd 2015/05/01 v1.6.1 Font defs for Latin Modern
)
LaTeX Font Info:    Trying to load font information for OMX+lmex on input line 123.
(/home/luis/.TinyTeX/texmf-dist/tex/latex/lm/omxlmex.fd
File: omxlmex.fd 2015/05/01 v1.6.1 Font defs for Latin Modern
)
LaTeX Font Info:    External font `lmex10' loaded for size
(Font)              <12> on input line 123.
LaTeX Font Info:    External font `lmex10' loaded for size
(Font)              <8> on input line 123.
LaTeX Font Info:    External font `lmex10' loaded for size
(Font)              <6> on input line 123.
LaTeX Font Info:    Trying to load font information for U+msa on input line 123.
(/home/luis/.TinyTeX/texmf-dist/tex/latex/amsfonts/umsa.fd
File: umsa.fd 2013/01/14 v3.01 AMS symbols A
)
LaTeX Font Info:    Trying to load font information for U+msb on input line 123.
(/home/luis/.TinyTeX/texmf-dist/tex/latex/amsfonts/umsb.fd
File: umsb.fd 2013/01/14 v3.01 AMS symbols B
)
LaTeX Font Info:    Trying to load font information for T1+lmtt on input line 127.
(/home/luis/.TinyTeX/texmf-dist/tex/latex/lm/t1lmtt.fd
File: t1lmtt.fd 2015/05/01 v1.6.1 Font defs for Latin Modern
)
LaTeX Font Info:    Font shape `T1/lmtt/bx/n' in size <10> not available
(Font)              Font shape `T1/lmtt/b/n' tried instead on input line 128.
LaTeX Font Info:    Trying to load font information for TS1+lmr on input line 180.
(/home/luis/.TinyTeX/texmf-dist/tex/latex/lm/ts1lmr.fd
File: ts1lmr.fd 2015/05/01 v1.6.1 Font defs for Latin Modern
)

[1

{/home/luis/.TinyTeX/texmf-var/fonts/map/pdftex/updmap/pdftex.map}{/home/luis/.TinyTeX/texmf-dist/fonts/enc/dvips/lm/lm-ec.enc}{/home/luis/.TinyTeX/texmf-dist/fonts/enc/dvips/lm/lm-ts1.enc}]
LaTeX Font Info:    Trying to load font information for TS1+lmtt on input line 236.
(/home/luis/.TinyTeX/texmf-dist/tex/latex/lm/ts1lmtt.fd
File: ts1lmtt.fd 2015/05/01 v1.6.1 Font defs for Latin Modern
)

[2]
<scriptAnalise_files/figure-latex/unnamed-chunk-8-1.pdf, id=24, 578.16pt x 433.62pt>
File: scriptAnalise_files/figure-latex/unnamed-chunk-8-1.pdf Graphic file (type pdf)
<use scriptAnalise_files/figure-latex/unnamed-chunk-8-1.pdf>
Package pdftex.def Info: scriptAnalise_files/figure-latex/unnamed-chunk-8-1.pdf  used on input line 300.
(pdftex.def)             Requested size: 578.15858pt x 433.61894pt.

Overfull \hbox (108.40356pt too wide) in paragraph at lines 300--300
 [] 
 []



[3]
<scriptAnalise_files/figure-latex/unnamed-chunk-9-1.pdf, id=31, 578.16pt x 433.62pt>
File: scriptAnalise_files/figure-latex/unnamed-chunk-9-1.pdf Graphic file (type pdf)
<use scriptAnalise_files/figure-latex/unnamed-chunk-9-1.pdf>
Package pdftex.def Info: scriptAnalise_files/figure-latex/unnamed-chunk-9-1.pdf  used on input line 326.
(pdftex.def)             Requested size: 578.15858pt x 433.61894pt.

Overfull \hbox (133.4036pt too wide) in paragraph at lines 326--326
 [] 
 []



[4 <./scriptAnalise_files/figure-latex/unnamed-chunk-8-1.pdf>]
<scriptAnalise_files/figure-latex/unnamed-chunk-10-1.pdf, id=44, 578.16pt x 433.62pt>
File: scriptAnalise_files/figure-latex/unnamed-chunk-10-1.pdf Graphic file (type pdf)
<use scriptAnalise_files/figure-latex/unnamed-chunk-10-1.pdf>
Package pdftex.def Info: scriptAnalise_files/figure-latex/unnamed-chunk-10-1.pdf  used on input line 355.
(pdftex.def)             Requested size: 578.15858pt x 433.61894pt.

Overfull \hbox (133.4036pt too wide) in paragraph at lines 355--355
 [] 
 []



[5 <./scriptAnalise_files/figure-latex/unnamed-chunk-9-1.pdf>]
<scriptAnalise_files/figure-latex/unnamed-chunk-11-1.pdf, id=57, 578.16pt x 433.62pt>
File: scriptAnalise_files/figure-latex/unnamed-chunk-11-1.pdf Graphic file (type pdf)
<use scriptAnalise_files/figure-latex/unnamed-chunk-11-1.pdf>
Package pdftex.def Info: scriptAnalise_files/figure-latex/unnamed-chunk-11-1.pdf  used on input line 375.
(pdftex.def)             Requested size: 578.15858pt x 433.61894pt.

Overfull \hbox (133.4036pt too wide) in paragraph at lines 375--375
 [] 
 []



[6 <./scriptAnalise_files/figure-latex/unnamed-chunk-10-1.pdf>]
<scriptAnalise_files/figure-latex/unnamed-chunk-12-1.pdf, id=70, 578.16pt x 433.62pt>
File: scriptAnalise_files/figure-latex/unnamed-chunk-12-1.pdf Graphic file (type pdf)
<use scriptAnalise_files/figure-latex/unnamed-chunk-12-1.pdf>
Package pdftex.def Info: scriptAnalise_files/figure-latex/unnamed-chunk-12-1.pdf  used on input line 395.
(pdftex.def)             Requested size: 578.15858pt x 433.61894pt.

Overfull \hbox (133.4036pt too wide) in paragraph at lines 395--395
 [] 
 []



[7 <./scriptAnalise_files/figure-latex/unnamed-chunk-11-1.pdf>]
<scriptAnalise_files/figure-latex/unnamed-chunk-13-1.pdf, id=84, 578.16pt x 433.62pt>
File: scriptAnalise_files/figure-latex/unnamed-chunk-13-1.pdf Graphic file (type pdf)
<use scriptAnalise_files/figure-latex/unnamed-chunk-13-1.pdf>
Package pdftex.def Info: scriptAnalise_files/figure-latex/unnamed-chunk-13-1.pdf  used on input line 415.
(pdftex.def)             Requested size: 578.15858pt x 433.61894pt.

Overfull \hbox (133.4036pt too wide) in paragraph at lines 415--415
 [] 
 []



[8 <./scriptAnalise_files/figure-latex/unnamed-chunk-12-1.pdf>]

Package longtable Warning: Column widths have changed
(longtable)                in table 7 on input line 436.

<scriptAnalise_files/figure-latex/unnamed-chunk-14-1.pdf, id=97, 578.16pt x 433.62pt>
File: scriptAnalise_files/figure-latex/unnamed-chunk-14-1.pdf Graphic file (type pdf)
<use scriptAnalise_files/figure-latex/unnamed-chunk-14-1.pdf>
Package pdftex.def Info: scriptAnalise_files/figure-latex/unnamed-chunk-14-1.pdf  used on input line 438.
(pdftex.def)             Requested size: 578.15858pt x 433.61894pt.

Overfull \hbox (133.4036pt too wide) in paragraph at lines 438--438
 [] 
 []



[9 <./scriptAnalise_files/figure-latex/unnamed-chunk-13-1.pdf>]
<scriptAnalise_files/figure-latex/unnamed-chunk-15-1.pdf, id=110, 578.16pt x 433.62pt>
File: scriptAnalise_files/figure-latex/unnamed-chunk-15-1.pdf Graphic file (type pdf)
<use scriptAnalise_files/figure-latex/unnamed-chunk-15-1.pdf>
Package pdftex.def Info: scriptAnalise_files/figure-latex/unnamed-chunk-15-1.pdf  used on input line 459.
(pdftex.def)             Requested size: 578.15858pt x 433.61894pt.

Overfull \hbox (133.4036pt too wide) in paragraph at lines 459--459
 [] 
 []



[10 <./scriptAnalise_files/figure-latex/unnamed-chunk-14-1.pdf>]

Package longtable Warning: Column widths have changed
(longtable)                in table 9 on input line 478.

<scriptAnalise_files/figure-latex/unnamed-chunk-16-1.pdf, id=123, 578.16pt x 433.62pt>
File: scriptAnalise_files/figure-latex/unnamed-chunk-16-1.pdf Graphic file (type pdf)
<use scriptAnalise_files/figure-latex/unnamed-chunk-16-1.pdf>
Package pdftex.def Info: scriptAnalise_files/figure-latex/unnamed-chunk-16-1.pdf  used on input line 480.
(pdftex.def)             Requested size: 578.15858pt x 433.61894pt.

Overfull \hbox (133.4036pt too wide) in paragraph at lines 480--480
 [] 
 []



[11 <./scriptAnalise_files/figure-latex/unnamed-chunk-15-1.pdf>]
<scriptAnalise_files/figure-latex/unnamed-chunk-17-1.pdf, id=136, 578.16pt x 433.62pt>
File: scriptAnalise_files/figure-latex/unnamed-chunk-17-1.pdf Graphic file (type pdf)
<use scriptAnalise_files/figure-latex/unnamed-chunk-17-1.pdf>
Package pdftex.def Info: scriptAnalise_files/figure-latex/unnamed-chunk-17-1.pdf  used on input line 500.
(pdftex.def)             Requested size: 578.15858pt x 433.61894pt.

Overfull \hbox (133.4036pt too wide) in paragraph at lines 500--500
 [] 
 []



[12 <./scriptAnalise_files/figure-latex/unnamed-chunk-16-1.pdf>]
<scriptAnalise_files/figure-latex/unnamed-chunk-18-1.pdf, id=150, 578.16pt x 433.62pt>
File: scriptAnalise_files/figure-latex/unnamed-chunk-18-1.pdf Graphic file (type pdf)
<use scriptAnalise_files/figure-latex/unnamed-chunk-18-1.pdf>
Package pdftex.def Info: scriptAnalise_files/figure-latex/unnamed-chunk-18-1.pdf  used on input line 521.
(pdftex.def)             Requested size: 578.15858pt x 433.61894pt.

Overfull \hbox (133.4036pt too wide) in paragraph at lines 521--521
 [] 
 []



[13 <./scriptAnalise_files/figure-latex/unnamed-chunk-17-1.pdf>]
<scriptAnalise_files/figure-latex/unnamed-chunk-19-1.pdf, id=164, 578.16pt x 433.62pt>
File: scriptAnalise_files/figure-latex/unnamed-chunk-19-1.pdf Graphic file (type pdf)
<use scriptAnalise_files/figure-latex/unnamed-chunk-19-1.pdf>
Package pdftex.def Info: scriptAnalise_files/figure-latex/unnamed-chunk-19-1.pdf  used on input line 541.
(pdftex.def)             Requested size: 578.15858pt x 433.61894pt.

Overfull \hbox (133.4036pt too wide) in paragraph at lines 541--541
 [] 
 []



[14 <./scriptAnalise_files/figure-latex/unnamed-chunk-18-1.pdf>]
<scriptAnalise_files/figure-latex/unnamed-chunk-20-1.pdf, id=177, 578.16pt x 433.62pt>
File: scriptAnalise_files/figure-latex/unnamed-chunk-20-1.pdf Graphic file (type pdf)
<use scriptAnalise_files/figure-latex/unnamed-chunk-20-1.pdf>
Package pdftex.def Info: scriptAnalise_files/figure-latex/unnamed-chunk-20-1.pdf  used on input line 581.
(pdftex.def)             Requested size: 578.15858pt x 433.61894pt.

Overfull \hbox (133.4036pt too wide) in paragraph at lines 581--581
 [] 
 []



[15 <./scriptAnalise_files/figure-latex/unnamed-chunk-19-1.pdf>]

Package longtable Warning: Column widths have changed
(longtable)                in table 14 on input line 603.

<scriptAnalise_files/figure-latex/unnamed-chunk-21-1.pdf, id=190, 578.16pt x 433.62pt>
File: scriptAnalise_files/figure-latex/unnamed-chunk-21-1.pdf Graphic file (type pdf)
<use scriptAnalise_files/figure-latex/unnamed-chunk-21-1.pdf>
Package pdftex.def Info: scriptAnalise_files/figure-latex/unnamed-chunk-21-1.pdf  used on input line 605.
(pdftex.def)             Requested size: 578.15858pt x 433.61894pt.

Overfull \hbox (133.4036pt too wide) in paragraph at lines 605--605
 [] 
 []



[16 <./scriptAnalise_files/figure-latex/unnamed-chunk-20-1.pdf>]

Package longtable Warning: Column widths have changed
(longtable)                in table 15 on input line 626.

<scriptAnalise_files/figure-latex/unnamed-chunk-22-1.pdf, id=204, 578.16pt x 433.62pt>
File: scriptAnalise_files/figure-latex/unnamed-chunk-22-1.pdf Graphic file (type pdf)
<use scriptAnalise_files/figure-latex/unnamed-chunk-22-1.pdf>
Package pdftex.def Info: scriptAnalise_files/figure-latex/unnamed-chunk-22-1.pdf  used on input line 628.
(pdftex.def)             Requested size: 578.15858pt x 433.61894pt.

Overfull \hbox (133.4036pt too wide) in paragraph at lines 628--628
 [] 
 []



[17 <./scriptAnalise_files/figure-latex/unnamed-chunk-21-1.pdf>]

Package longtable Warning: Column widths have changed
(longtable)                in table 16 on input line 650.

<scriptAnalise_files/figure-latex/unnamed-chunk-23-1.pdf, id=217, 578.16pt x 433.62pt>
File: scriptAnalise_files/figure-latex/unnamed-chunk-23-1.pdf Graphic file (type pdf)
<use scriptAnalise_files/figure-latex/unnamed-chunk-23-1.pdf>
Package pdftex.def Info: scriptAnalise_files/figure-latex/unnamed-chunk-23-1.pdf  used on input line 652.
(pdftex.def)             Requested size: 578.15858pt x 433.61894pt.

Overfull \hbox (133.4036pt too wide) in paragraph at lines 652--652
 [] 
 []



[18 <./scriptAnalise_files/figure-latex/unnamed-chunk-22-1.pdf>]

Package longtable Warning: Column widths have changed
(longtable)                in table 17 on input line 672.

<scriptAnalise_files/figure-latex/unnamed-chunk-24-1.pdf, id=230, 578.16pt x 433.62pt>
File: scriptAnalise_files/figure-latex/unnamed-chunk-24-1.pdf Graphic file (type pdf)
<use scriptAnalise_files/figure-latex/unnamed-chunk-24-1.pdf>
Package pdftex.def Info: scriptAnalise_files/figure-latex/unnamed-chunk-24-1.pdf  used on input line 674.
(pdftex.def)             Requested size: 578.15858pt x 433.61894pt.

Overfull \hbox (133.4036pt too wide) in paragraph at lines 674--674
 [] 
 []



[19 <./scriptAnalise_files/figure-latex/unnamed-chunk-23-1.pdf>]

Package longtable Warning: Column widths have changed
(longtable)                in table 18 on input line 695.

<scriptAnalise_files/figure-latex/unnamed-chunk-25-1.pdf, id=244, 578.16pt x 433.62pt>
File: scriptAnalise_files/figure-latex/unnamed-chunk-25-1.pdf Graphic file (type pdf)
<use scriptAnalise_files/figure-latex/unnamed-chunk-25-1.pdf>
Package pdftex.def Info: scriptAnalise_files/figure-latex/unnamed-chunk-25-1.pdf  used on input line 697.
(pdftex.def)             Requested size: 578.15858pt x 433.61894pt.

Overfull \hbox (133.4036pt too wide) in paragraph at lines 697--697
 [] 
 []



[20 <./scriptAnalise_files/figure-latex/unnamed-chunk-24-1.pdf>]
<scriptAnalise_files/figure-latex/unnamed-chunk-26-1.pdf, id=257, 578.16pt x 433.62pt>
File: scriptAnalise_files/figure-latex/unnamed-chunk-26-1.pdf Graphic file (type pdf)
<use scriptAnalise_files/figure-latex/unnamed-chunk-26-1.pdf>
Package pdftex.def Info: scriptAnalise_files/figure-latex/unnamed-chunk-26-1.pdf  used on input line 717.
(pdftex.def)             Requested size: 578.15858pt x 433.61894pt.

Overfull \hbox (133.4036pt too wide) in paragraph at lines 717--717
 [] 
 []



[21 <./scriptAnalise_files/figure-latex/unnamed-chunk-25-1.pdf>]
<scriptAnalise_files/figure-latex/unnamed-chunk-27-1.pdf, id=270, 578.16pt x 433.62pt>
File: scriptAnalise_files/figure-latex/unnamed-chunk-27-1.pdf Graphic file (type pdf)
<use scriptAnalise_files/figure-latex/unnamed-chunk-27-1.pdf>
Package pdftex.def Info: scriptAnalise_files/figure-latex/unnamed-chunk-27-1.pdf  used on input line 737.
(pdftex.def)             Requested size: 578.15858pt x 433.61894pt.

Overfull \hbox (133.4036pt too wide) in paragraph at lines 737--737
 [] 
 []



[22 <./scriptAnalise_files/figure-latex/unnamed-chunk-26-1.pdf>]
<scriptAnalise_files/figure-latex/unnamed-chunk-28-1.pdf, id=284, 578.16pt x 433.62pt>
File: scriptAnalise_files/figure-latex/unnamed-chunk-28-1.pdf Graphic file (type pdf)
<use scriptAnalise_files/figure-latex/unnamed-chunk-28-1.pdf>
Package pdftex.def Info: scriptAnalise_files/figure-latex/unnamed-chunk-28-1.pdf  used on input line 757.
(pdftex.def)             Requested size: 578.15858pt x 433.61894pt.

Overfull \hbox (133.4036pt too wide) in paragraph at lines 757--757
 [] 
 []



[23 <./scriptAnalise_files/figure-latex/unnamed-chunk-27-1.pdf>]
<scriptAnalise_files/figure-latex/unnamed-chunk-29-1.pdf, id=297, 578.16pt x 433.62pt>
File: scriptAnalise_files/figure-latex/unnamed-chunk-29-1.pdf Graphic file (type pdf)
<use scriptAnalise_files/figure-latex/unnamed-chunk-29-1.pdf>
Package pdftex.def Info: scriptAnalise_files/figure-latex/unnamed-chunk-29-1.pdf  used on input line 778.
(pdftex.def)             Requested size: 578.15858pt x 433.61894pt.

Overfull \hbox (133.4036pt too wide) in paragraph at lines 778--778
 [] 
 []



[24 <./scriptAnalise_files/figure-latex/unnamed-chunk-28-1.pdf>]
<scriptAnalise_files/figure-latex/unnamed-chunk-30-1.pdf, id=310, 578.16pt x 433.62pt>
File: scriptAnalise_files/figure-latex/unnamed-chunk-30-1.pdf Graphic file (type pdf)
<use scriptAnalise_files/figure-latex/unnamed-chunk-30-1.pdf>
Package pdftex.def Info: scriptAnalise_files/figure-latex/unnamed-chunk-30-1.pdf  used on input line 798.
(pdftex.def)             Requested size: 578.15858pt x 433.61894pt.

Overfull \hbox (133.4036pt too wide) in paragraph at lines 798--798
 [] 
 []



[25 <./scriptAnalise_files/figure-latex/unnamed-chunk-29-1.pdf>]
<scriptAnalise_files/figure-latex/unnamed-chunk-31-1.pdf, id=324, 578.16pt x 433.62pt>
File: scriptAnalise_files/figure-latex/unnamed-chunk-31-1.pdf Graphic file (type pdf)
<use scriptAnalise_files/figure-latex/unnamed-chunk-31-1.pdf>
Package pdftex.def Info: scriptAnalise_files/figure-latex/unnamed-chunk-31-1.pdf  used on input line 819.
(pdftex.def)             Requested size: 578.15858pt x 433.61894pt.

Overfull \hbox (133.4036pt too wide) in paragraph at lines 819--819
 [] 
 []



[26 <./scriptAnalise_files/figure-latex/unnamed-chunk-30-1.pdf>]
<scriptAnalise_files/figure-latex/unnamed-chunk-32-1.pdf, id=337, 578.16pt x 433.62pt>
File: scriptAnalise_files/figure-latex/unnamed-chunk-32-1.pdf Graphic file (type pdf)
<use scriptAnalise_files/figure-latex/unnamed-chunk-32-1.pdf>
Package pdftex.def Info: scriptAnalise_files/figure-latex/unnamed-chunk-32-1.pdf  used on input line 843.
(pdftex.def)             Requested size: 578.15858pt x 433.61894pt.

Overfull \hbox (133.4036pt too wide) in paragraph at lines 843--843
 [] 
 []



[27 <./scriptAnalise_files/figure-latex/unnamed-chunk-31-1.pdf>]

Package longtable Warning: Column widths have changed
(longtable)                in table 25 on input line 870.



[28 <./scriptAnalise_files/figure-latex/unnamed-chunk-32-1.pdf>]
<scriptAnalise_files/figure-latex/unnamed-chunk-33-1.pdf, id=362, 578.16pt x 433.62pt>
File: scriptAnalise_files/figure-latex/unnamed-chunk-33-1.pdf Graphic file (type pdf)
<use scriptAnalise_files/figure-latex/unnamed-chunk-33-1.pdf>
Package pdftex.def Info: scriptAnalise_files/figure-latex/unnamed-chunk-33-1.pdf  used on input line 889.
(pdftex.def)             Requested size: 578.15858pt x 433.61894pt.

Overfull \hbox (133.4036pt too wide) in paragraph at lines 889--889
 [] 
 []



[29 <./scriptAnalise_files/figure-latex/unnamed-chunk-33-1.pdf>]

Package longtable Warning: Column widths have changed
(longtable)                in table 26 on input line 916.

<scriptAnalise_files/figure-latex/unnamed-chunk-34-1.pdf, id=374, 578.16pt x 433.62pt>
File: scriptAnalise_files/figure-latex/unnamed-chunk-34-1.pdf Graphic file (type pdf)
<use scriptAnalise_files/figure-latex/unnamed-chunk-34-1.pdf>
Package pdftex.def Info: scriptAnalise_files/figure-latex/unnamed-chunk-34-1.pdf  used on input line 935.
(pdftex.def)             Requested size: 578.15858pt x 433.61894pt.

Overfull \hbox (133.4036pt too wide) in paragraph at lines 935--935
 [] 
 []



[30]

[31 <./scriptAnalise_files/figure-latex/unnamed-chunk-34-1.pdf>]
<scriptAnalise_files/figure-latex/unnamed-chunk-35-1.pdf, id=393, 578.16pt x 433.62pt>
File: scriptAnalise_files/figure-latex/unnamed-chunk-35-1.pdf Graphic file (type pdf)
<use scriptAnalise_files/figure-latex/unnamed-chunk-35-1.pdf>
Package pdftex.def Info: scriptAnalise_files/figure-latex/unnamed-chunk-35-1.pdf  used on input line 980.
(pdftex.def)             Requested size: 578.15858pt x 433.61894pt.

Overfull \hbox (108.40356pt too wide) in paragraph at lines 980--980
 [] 
 []



[32 <./scriptAnalise_files/figure-latex/unnamed-chunk-35-1.pdf>]

Package longtable Warning: Column widths have changed
(longtable)                in table 28 on input line 1011.

<scriptAnalise_files/figure-latex/unnamed-chunk-36-1.pdf, id=405, 578.16pt x 433.62pt>
File: scriptAnalise_files/figure-latex/unnamed-chunk-36-1.pdf Graphic file (type pdf)
<use scriptAnalise_files/figure-latex/unnamed-chunk-36-1.pdf>
Package pdftex.def Info: scriptAnalise_files/figure-latex/unnamed-chunk-36-1.pdf  used on input line 1032.
(pdftex.def)             Requested size: 578.15858pt x 433.61894pt.

Overfull \hbox (133.4036pt too wide) in paragraph at lines 1032--1032
 [] 
 []



[33]

[34 <./scriptAnalise_files/figure-latex/unnamed-chunk-36-1.pdf>]
<scriptAnalise_files/figure-latex/unnamed-chunk-37-1.pdf, id=424, 578.16pt x 433.62pt>
File: scriptAnalise_files/figure-latex/unnamed-chunk-37-1.pdf Graphic file (type pdf)
<use scriptAnalise_files/figure-latex/unnamed-chunk-37-1.pdf>
Package pdftex.def Info: scriptAnalise_files/figure-latex/unnamed-chunk-37-1.pdf  used on input line 1080.
(pdftex.def)             Requested size: 578.15858pt x 433.61894pt.

Overfull \hbox (133.4036pt too wide) in paragraph at lines 1080--1080
 [] 
 []



[35 <./scriptAnalise_files/figure-latex/unnamed-chunk-37-1.pdf>]
<scriptAnalise_files/figure-latex/unnamed-chunk-38-1.pdf, id=436, 578.16pt x 433.62pt>
File: scriptAnalise_files/figure-latex/unnamed-chunk-38-1.pdf Graphic file (type pdf)
<use scriptAnalise_files/figure-latex/unnamed-chunk-38-1.pdf>
Package pdftex.def Info: scriptAnalise_files/figure-latex/unnamed-chunk-38-1.pdf  used on input line 1151.
(pdftex.def)             Requested size: 578.15858pt x 433.61894pt.

Overfull \hbox (133.4036pt too wide) in paragraph at lines 1151--1151
 [] 
 []



[36] [37 <./scriptAnalise_files/figure-latex/unnamed-chunk-38-1.pdf>]
<scriptAnalise_files/figure-latex/unnamed-chunk-39-1.pdf, id=455, 578.16pt x 433.62pt>
File: scriptAnalise_files/figure-latex/unnamed-chunk-39-1.pdf Graphic file (type pdf)
<use scriptAnalise_files/figure-latex/unnamed-chunk-39-1.pdf>
Package pdftex.def Info: scriptAnalise_files/figure-latex/unnamed-chunk-39-1.pdf  used on input line 1234.
(pdftex.def)             Requested size: 578.15858pt x 433.61894pt.

Overfull \hbox (133.4036pt too wide) in paragraph at lines 1234--1234
 [] 
 []



[38] [39 <./scriptAnalise_files/figure-latex/unnamed-chunk-39-1.pdf>]
<scriptAnalise_files/figure-latex/unnamed-chunk-40-1.pdf, id=472, 578.16pt x 433.62pt>
File: scriptAnalise_files/figure-latex/unnamed-chunk-40-1.pdf Graphic file (type pdf)
<use scriptAnalise_files/figure-latex/unnamed-chunk-40-1.pdf>
Package pdftex.def Info: scriptAnalise_files/figure-latex/unnamed-chunk-40-1.pdf  used on input line 1306.
(pdftex.def)             Requested size: 578.15858pt x 433.61894pt.

Overfull \hbox (133.4036pt too wide) in paragraph at lines 1306--1306
 [] 
 []



[40]

Package longtable Warning: Column widths have changed
(longtable)                in table 33 on input line 1333.

[41 <./scriptAnalise_files/figure-latex/unnamed-chunk-40-1.pdf>]
<scriptAnalise_files/figure-latex/unnamed-chunk-41-1.pdf, id=489, 578.16pt x 433.62pt>
File: scriptAnalise_files/figure-latex/unnamed-chunk-41-1.pdf Graphic file (type pdf)
<use scriptAnalise_files/figure-latex/unnamed-chunk-41-1.pdf>
Package pdftex.def Info: scriptAnalise_files/figure-latex/unnamed-chunk-41-1.pdf  used on input line 1357.
(pdftex.def)             Requested size: 578.15858pt x 433.61894pt.

Overfull \hbox (133.4036pt too wide) in paragraph at lines 1357--1357
 [] 
 []



[42 <./scriptAnalise_files/figure-latex/unnamed-chunk-41-1.pdf>]
<scriptAnalise_files/figure-latex/unnamed-chunk-42-1.pdf, id=501, 578.16pt x 433.62pt>
File: scriptAnalise_files/figure-latex/unnamed-chunk-42-1.pdf Graphic file (type pdf)
<use scriptAnalise_files/figure-latex/unnamed-chunk-42-1.pdf>
Package pdftex.def Info: scriptAnalise_files/figure-latex/unnamed-chunk-42-1.pdf  used on input line 1423.
(pdftex.def)             Requested size: 578.15858pt x 433.61894pt.

Overfull \hbox (133.4036pt too wide) in paragraph at lines 1423--1423
 [] 
 []



[43]
Overfull \hbox (7.05577pt too wide) in paragraph at lines 1435--1436
[]\T1/lmr/m/n/10 MotivoDoComecoNoAlcool  
 []


Overfull \hbox (11.39pt too wide) in paragraph at lines 1439--1440
 []\T1/lmr/m/n/10 Quantidade
 []


Overfull \hbox (6.83441pt too wide) in paragraph at lines 1441--1442
[]\T1/lmr/m/n/10 Percentual  
 []


Overfull \hbox (7.05577pt too wide) in paragraph at lines 1447--1448
[]\T1/lmr/m/n/10 MotivoDoComecoNoAlcool  
 []


Overfull \hbox (11.39pt too wide) in paragraph at lines 1451--1452
 []\T1/lmr/m/n/10 Quantidade
 []


Overfull \hbox (6.83441pt too wide) in paragraph at lines 1453--1454
[]\T1/lmr/m/n/10 Percentual  
 []

[44 <./scriptAnalise_files/figure-latex/unnamed-chunk-42-1.pdf>]
<scriptAnalise_files/figure-latex/unnamed-chunk-43-1.pdf, id=520, 578.16pt x 433.62pt>
File: scriptAnalise_files/figure-latex/unnamed-chunk-43-1.pdf Graphic file (type pdf)
<use scriptAnalise_files/figure-latex/unnamed-chunk-43-1.pdf>
Package pdftex.def Info: scriptAnalise_files/figure-latex/unnamed-chunk-43-1.pdf  used on input line 1501.
(pdftex.def)             Requested size: 578.15858pt x 433.61894pt.

Overfull \hbox (108.40356pt too wide) in paragraph at lines 1501--1501
 [] 
 []



[45]
Overfull \hbox (30.57816pt too wide) in paragraph at lines 1515--1516
[]\T1/lmr/m/n/10 DeuVexamePorCausaDaBebida  
 []


Overfull \hbox (5.7916pt too wide) in paragraph at lines 1517--1518
 []\T1/lmr/m/n/10 Quantidade
 []


Overfull \hbox (10.43852pt too wide) in paragraph at lines 1519--1520
 []\T1/lmr/m/n/10 PercentualNumerico
 []


Overfull \hbox (5.7778pt too wide) in paragraph at lines 1521--1522
[]\T1/lmr/m/n/10 PercentualTexto  
 []


Overfull \hbox (30.57816pt too wide) in paragraph at lines 1529--1530
[]\T1/lmr/m/n/10 DeuVexamePorCausaDaBebida  
 []


Overfull \hbox (5.7916pt too wide) in paragraph at lines 1531--1532
 []\T1/lmr/m/n/10 Quantidade
 []


Overfull \hbox (10.43852pt too wide) in paragraph at lines 1533--1534
 []\T1/lmr/m/n/10 PercentualNumerico
 []


Overfull \hbox (5.7778pt too wide) in paragraph at lines 1535--1536
[]\T1/lmr/m/n/10 PercentualTexto  
 []



[46 <./scriptAnalise_files/figure-latex/unnamed-chunk-43-1.pdf>]
! Undefined control sequence.
l.1579   Alcoolizados\n
                       '') ggplot(tabela\_risco\_dirigir, aes(x = Resposta, y =
The control sequence at the end of the top line
of your error message was never \def'ed. If you have
misspelled it (e.g., `\hobx'), type `I' and the correct
spelling (e.g., `I\hbox'). Otherwise just continue,
and I'll forget about whatever was undefined.

 
Here is how much of TeX's memory you used:
 12354 strings out of 469869
 202529 string characters out of 5484514
 611739 words of memory out of 5000000
 40390 multiletter control sequences out of 15000+600000
 653473 words of font info for 66 fonts, out of 8000000 for 9000
 14 hyphenation exceptions out of 8191
 89i,7n,93p,412b,694s stack positions out of 10000i,1000n,20000p,200000b,200000s
!  ==> Fatal error occurred, no output PDF file produced!
